TN:
SF:C:\Users\33781\Documents\Victor\botsdk\rocket.chat.js.sdk\src\lib\api.ts
FN:2,(anonymous_0)
FN:3,(anonymous_1)
FN:4,fulfilled
FN:5,rejected
FN:6,step
FN:6,(anonymous_5)
FN:10,(anonymous_6)
FN:23,loggedIn
FN:38,getQueryString
FN:41,(anonymous_9)
FN:53,setAuth
FN:59,getHeaders
FN:71,clearHeaders
FN:77,success
FN:95,post
FN:96,(anonymous_15)
FN:102,(anonymous_16)
FN:103,(anonymous_17)
FN:110,(anonymous_18)
FN:129,get
FN:130,(anonymous_20)
FN:137,(anonymous_21)
FN:138,(anonymous_22)
FN:145,(anonymous_23)
FN:161,login
FN:165,(anonymous_25)
FN:195,logout
FN:201,(anonymous_27)
FN:211,(anonymous_28)
FN:211,(anonymous_29)
FN:212,(anonymous_30)
FN:212,(anonymous_31)
FN:212,(anonymous_32)
FN:213,(anonymous_33)
FN:213,(anonymous_34)
FN:213,(anonymous_35)
FN:214,(anonymous_36)
FN:214,(anonymous_37)
FN:215,(anonymous_38)
FN:215,(anonymous_39)
FN:215,(anonymous_40)
FN:216,(anonymous_41)
FN:216,(anonymous_42)
FN:216,(anonymous_43)
FNF:44
FNH:0
FNDA:0,(anonymous_0)
FNDA:0,(anonymous_1)
FNDA:0,fulfilled
FNDA:0,rejected
FNDA:0,step
FNDA:0,(anonymous_5)
FNDA:0,(anonymous_6)
FNDA:0,loggedIn
FNDA:0,getQueryString
FNDA:0,(anonymous_9)
FNDA:0,setAuth
FNDA:0,getHeaders
FNDA:0,clearHeaders
FNDA:0,success
FNDA:0,post
FNDA:0,(anonymous_15)
FNDA:0,(anonymous_16)
FNDA:0,(anonymous_17)
FNDA:0,(anonymous_18)
FNDA:0,get
FNDA:0,(anonymous_20)
FNDA:0,(anonymous_21)
FNDA:0,(anonymous_22)
FNDA:0,(anonymous_23)
FNDA:0,login
FNDA:0,(anonymous_25)
FNDA:0,logout
FNDA:0,(anonymous_27)
FNDA:0,(anonymous_28)
FNDA:0,(anonymous_29)
FNDA:0,(anonymous_30)
FNDA:0,(anonymous_31)
FNDA:0,(anonymous_32)
FNDA:0,(anonymous_33)
FNDA:0,(anonymous_34)
FNDA:0,(anonymous_35)
FNDA:0,(anonymous_36)
FNDA:0,(anonymous_37)
FNDA:0,(anonymous_38)
FNDA:0,(anonymous_39)
FNDA:0,(anonymous_40)
FNDA:0,(anonymous_41)
FNDA:0,(anonymous_42)
FNDA:0,(anonymous_43)
DA:2,0
DA:3,0
DA:4,0
DA:5,0
DA:6,0
DA:7,0
DA:10,0
DA:11,0
DA:12,0
DA:13,0
DA:14,0
DA:15,0
DA:17,0
DA:18,0
DA:19,0
DA:20,0
DA:21,0
DA:24,0
DA:26,0
DA:28,0
DA:29,0
DA:34,0
DA:39,0
DA:40,0
DA:41,0
DA:42,0
DA:45,0
DA:48,0
DA:50,0
DA:51,0
DA:54,0
DA:55,0
DA:57,0
DA:60,0
DA:61,0
DA:62,0
DA:65,0
DA:67,0
DA:69,0
DA:72,0
DA:73,0
DA:75,0
DA:78,0
DA:85,0
DA:96,0
DA:97,0
DA:98,0
DA:99,0
DA:100,0
DA:101,0
DA:102,0
DA:103,0
DA:104,0
DA:105,0
DA:106,0
DA:107,0
DA:109,0
DA:110,0
DA:112,0
DA:113,0
DA:116,0
DA:117,0
DA:121,0
DA:130,0
DA:131,0
DA:132,0
DA:133,0
DA:134,0
DA:135,0
DA:136,0
DA:137,0
DA:138,0
DA:139,0
DA:140,0
DA:141,0
DA:142,0
DA:144,0
DA:145,0
DA:147,0
DA:148,0
DA:151,0
DA:155,0
DA:165,0
DA:166,0
DA:167,0
DA:168,0
DA:169,0
DA:170,0
DA:173,0
DA:176,0
DA:177,0
DA:178,0
DA:184,0
DA:185,0
DA:186,0
DA:189,0
DA:193,0
DA:196,0
DA:197,0
DA:198,0
DA:200,0
DA:201,0
DA:202,0
DA:203,0
DA:206,0
DA:208,0
DA:210,0
DA:211,0
DA:212,0
DA:213,0
DA:214,0
DA:215,0
DA:216,0
LF:113
LH:0
BRDA:2,0,0,0
BRDA:2,0,1,0
BRDA:2,0,2,0
BRDA:3,1,0,0
BRDA:3,1,1,0
BRDA:6,2,0,0
BRDA:6,2,1,0
BRDA:7,3,0,0
BRDA:7,3,1,0
BRDA:10,4,0,0
BRDA:10,4,1,0
BRDA:10,4,2,0
BRDA:11,5,0,0
BRDA:11,5,1,0
BRDA:11,6,0,0
BRDA:11,6,1,0
BRDA:13,7,0,0
BRDA:13,7,1,0
BRDA:13,8,0,0
BRDA:13,8,1,0
BRDA:34,9,0,0
BRDA:34,9,1,0
BRDA:39,10,0,0
BRDA:39,10,1,0
BRDA:39,11,0,0
BRDA:39,11,1,0
BRDA:39,11,2,0
BRDA:42,12,0,0
BRDA:42,12,1,0
BRDA:59,13,0,0
BRDA:60,14,0,0
BRDA:60,14,1,0
BRDA:62,15,0,0
BRDA:62,15,1,0
BRDA:62,16,0,0
BRDA:62,16,1,0
BRDA:62,16,2,0
BRDA:62,16,3,0
BRDA:78,17,0,0
BRDA:78,17,1,0
BRDA:78,18,0,0
BRDA:78,18,1,0
BRDA:78,18,2,0
BRDA:78,18,3,0
BRDA:78,18,4,0
BRDA:78,18,5,0
BRDA:78,18,6,0
BRDA:78,18,7,0
BRDA:78,18,8,0
BRDA:78,18,9,0
BRDA:95,19,0,0
BRDA:99,20,0,0
BRDA:99,20,1,0
BRDA:99,21,0,0
BRDA:99,21,1,0
BRDA:104,22,0,0
BRDA:104,22,1,0
BRDA:106,23,0,0
BRDA:106,23,1,0
BRDA:129,24,0,0
BRDA:133,25,0,0
BRDA:133,25,1,0
BRDA:133,26,0,0
BRDA:133,26,1,0
BRDA:139,27,0,0
BRDA:139,27,1,0
BRDA:141,28,0,0
BRDA:141,28,1,0
BRDA:161,29,0,0
BRDA:167,30,0,0
BRDA:167,30,1,0
BRDA:169,31,0,0
BRDA:169,31,1,0
BRDA:177,32,0,0
BRDA:177,32,1,0
BRDA:177,33,0,0
BRDA:177,33,1,0
BRDA:177,33,2,0
BRDA:196,34,0,0
BRDA:196,34,1,0
BRDA:211,35,0,0
BRDA:214,36,0,0
BRF:82
BRH:0
end_of_record
TN:
SF:C:\Users\33781\Documents\Victor\botsdk\rocket.chat.js.sdk\src\lib\driver.ts
FN:2,(anonymous_0)
FN:3,(anonymous_1)
FN:4,fulfilled
FN:5,rejected
FN:6,step
FN:6,(anonymous_5)
FN:10,(anonymous_6)
FN:13,(anonymous_7)
FN:56,useLog
FN:77,connect
FN:78,(anonymous_10)
FN:84,(anonymous_11)
FN:85,(anonymous_12)
FN:90,(anonymous_13)
FN:92,(anonymous_14)
FN:102,(anonymous_15)
FN:115,disconnect
FN:119,(anonymous_17)
FN:128,setupMethodCache
FN:148,asyncCall
FN:153,(anonymous_20)
FN:157,(anonymous_21)
FN:172,callMethod
FN:183,cacheCall
FN:185,(anonymous_24)
FN:189,(anonymous_25)
FN:200,login
FN:218,(anonymous_27)
FN:222,(anonymous_28)
FN:229,logout
FN:231,(anonymous_30)
FN:242,subscribe
FN:243,(anonymous_32)
FN:248,(anonymous_33)
FN:256,unsubscribe
FN:267,unsubscribeAll
FN:268,(anonymous_36)
FN:275,subscribeToMessages
FN:277,(anonymous_38)
FN:306,reactToMessages
FN:308,(anonymous_40)
FN:335,respondToMessages
FN:346,(anonymous_42)
FN:351,(anonymous_43)
FN:351,(anonymous_44)
FN:393,getRoomId
FN:398,getRoomName
FN:407,getDirectMessageRoomId
FN:409,(anonymous_48)
FN:413,joinRoom
FN:414,(anonymous_50)
FN:428,leaveRoom
FN:429,(anonymous_52)
FN:443,joinRooms
FN:444,(anonymous_54)
FN:451,prepareMessage
FN:462,sendMessage
FN:475,sendToRoomId
FN:480,(anonymous_58)
FN:491,sendToRoom
FN:493,(anonymous_60)
FN:501,sendDirectToUser
FN:503,(anonymous_62)
FN:510,editMessage
FN:519,setReaction
FNF:65
FNH:0
FNDA:0,(anonymous_0)
FNDA:0,(anonymous_1)
FNDA:0,fulfilled
FNDA:0,rejected
FNDA:0,step
FNDA:0,(anonymous_5)
FNDA:0,(anonymous_6)
FNDA:0,(anonymous_7)
FNDA:0,useLog
FNDA:0,connect
FNDA:0,(anonymous_10)
FNDA:0,(anonymous_11)
FNDA:0,(anonymous_12)
FNDA:0,(anonymous_13)
FNDA:0,(anonymous_14)
FNDA:0,(anonymous_15)
FNDA:0,disconnect
FNDA:0,(anonymous_17)
FNDA:0,setupMethodCache
FNDA:0,asyncCall
FNDA:0,(anonymous_20)
FNDA:0,(anonymous_21)
FNDA:0,callMethod
FNDA:0,cacheCall
FNDA:0,(anonymous_24)
FNDA:0,(anonymous_25)
FNDA:0,login
FNDA:0,(anonymous_27)
FNDA:0,(anonymous_28)
FNDA:0,logout
FNDA:0,(anonymous_30)
FNDA:0,subscribe
FNDA:0,(anonymous_32)
FNDA:0,(anonymous_33)
FNDA:0,unsubscribe
FNDA:0,unsubscribeAll
FNDA:0,(anonymous_36)
FNDA:0,subscribeToMessages
FNDA:0,(anonymous_38)
FNDA:0,reactToMessages
FNDA:0,(anonymous_40)
FNDA:0,respondToMessages
FNDA:0,(anonymous_42)
FNDA:0,(anonymous_43)
FNDA:0,(anonymous_44)
FNDA:0,getRoomId
FNDA:0,getRoomName
FNDA:0,getDirectMessageRoomId
FNDA:0,(anonymous_48)
FNDA:0,joinRoom
FNDA:0,(anonymous_50)
FNDA:0,leaveRoom
FNDA:0,(anonymous_52)
FNDA:0,joinRooms
FNDA:0,(anonymous_54)
FNDA:0,prepareMessage
FNDA:0,sendMessage
FNDA:0,sendToRoomId
FNDA:0,(anonymous_58)
FNDA:0,sendToRoom
FNDA:0,(anonymous_60)
FNDA:0,sendDirectToUser
FNDA:0,(anonymous_62)
FNDA:0,editMessage
FNDA:0,setReaction
DA:2,0
DA:3,0
DA:4,0
DA:5,0
DA:6,0
DA:7,0
DA:10,0
DA:11,0
DA:13,0
DA:14,0
DA:15,0
DA:16,0
DA:17,0
DA:18,0
DA:20,0
DA:21,0
DA:22,0
DA:23,0
DA:24,0
DA:25,0
DA:26,0
DA:28,0
DA:29,0
DA:35,0
DA:43,0
DA:48,0
DA:52,0
DA:57,0
DA:59,0
DA:78,0
DA:79,0
DA:80,0
DA:81,0
DA:82,0
DA:83,0
DA:84,0
DA:85,0
DA:88,0
DA:90,0
DA:91,0
DA:92,0
DA:93,0
DA:94,0
DA:95,0
DA:96,0
DA:97,0
DA:101,0
DA:102,0
DA:103,0
DA:105,0
DA:106,0
DA:107,0
DA:108,0
DA:113,0
DA:116,0
DA:117,0
DA:118,0
DA:119,0
DA:121,0
DA:129,0
DA:130,0
DA:138,0
DA:149,0
DA:150,0
DA:151,0
DA:152,0
DA:154,0
DA:155,0
DA:158,0
DA:161,0
DA:164,0
DA:173,0
DA:177,0
DA:184,0
DA:186,0
DA:187,0
DA:190,0
DA:193,0
DA:196,0
DA:214,0
DA:215,0
DA:217,0
DA:219,0
DA:220,0
DA:223,0
DA:224,0
DA:227,0
DA:230,0
DA:232,0
DA:233,0
DA:236,0
DA:243,0
DA:244,0
DA:245,0
DA:246,0
DA:247,0
DA:249,0
DA:250,0
DA:254,0
DA:257,0
DA:258,0
DA:259,0
DA:260,0
DA:262,0
DA:263,0
DA:265,0
DA:268,0
DA:270,0
DA:276,0
DA:278,0
DA:279,0
DA:282,0
DA:307,0
DA:308,0
DA:309,0
DA:310,0
DA:311,0
DA:312,0
DA:313,0
DA:314,0
DA:317,0
DA:321,0
DA:325,0
DA:336,0
DA:338,0
DA:341,0
DA:345,0
DA:347,0
DA:350,0
DA:351,0
DA:352,0
DA:353,0
DA:354,0
DA:357,0
DA:358,0
DA:360,0
DA:361,0
DA:362,0
DA:364,0
DA:365,0
DA:366,0
DA:368,0
DA:369,0
DA:371,0
DA:373,0
DA:374,0
DA:376,0
DA:377,0
DA:379,0
DA:380,0
DA:382,0
DA:383,0
DA:385,0
DA:387,0
DA:389,0
DA:394,0
DA:396,0
DA:399,0
DA:401,0
DA:408,0
DA:409,0
DA:411,0
DA:414,0
DA:415,0
DA:416,0
DA:417,0
DA:418,0
DA:421,0
DA:422,0
DA:426,0
DA:429,0
DA:430,0
DA:431,0
DA:432,0
DA:433,0
DA:436,0
DA:437,0
DA:441,0
DA:444,0
DA:446,0
DA:452,0
DA:453,0
DA:454,0
DA:455,0
DA:457,0
DA:463,0
DA:465,0
DA:476,0
DA:477,0
DA:480,0
DA:481,0
DA:485,0
DA:492,0
DA:493,0
DA:495,0
DA:502,0
DA:503,0
DA:505,0
DA:511,0
DA:513,0
DA:520,0
DA:522,0
LF:202
LH:0
BRDA:2,0,0,0
BRDA:2,0,1,0
BRDA:2,0,2,0
BRDA:3,1,0,0
BRDA:3,1,1,0
BRDA:6,2,0,0
BRDA:6,2,1,0
BRDA:7,3,0,0
BRDA:7,3,1,0
BRDA:10,4,0,0
BRDA:10,4,1,0
BRDA:10,4,2,0
BRDA:11,5,0,0
BRDA:11,5,1,0
BRDA:11,6,0,0
BRDA:11,6,1,0
BRDA:13,7,0,0
BRDA:13,7,1,0
BRDA:13,7,2,0
BRDA:14,8,0,0
BRDA:14,8,1,0
BRDA:14,9,0,0
BRDA:14,9,1,0
BRDA:16,10,0,0
BRDA:16,10,1,0
BRDA:16,11,0,0
BRDA:16,11,1,0
BRDA:77,12,0,0
BRDA:97,13,0,0
BRDA:97,13,1,0
BRDA:101,14,0,0
BRDA:101,14,1,0
BRDA:106,15,0,0
BRDA:106,15,1,0
BRDA:149,16,0,0
BRDA:149,16,1,0
BRDA:158,17,0,0
BRDA:158,17,1,0
BRDA:173,18,0,0
BRDA:173,18,1,0
BRDA:173,19,0,0
BRDA:173,19,1,0
BRDA:190,20,0,0
BRDA:190,20,1,0
BRDA:200,21,0,0
BRDA:215,22,0,0
BRDA:215,22,1,0
BRDA:258,23,0,0
BRDA:258,23,1,0
BRDA:310,24,0,0
BRDA:310,24,1,0
BRDA:310,25,0,0
BRDA:310,25,1,0
BRDA:312,26,0,0
BRDA:312,26,1,0
BRDA:335,27,0,0
BRDA:341,28,0,0
BRDA:341,28,1,0
BRDA:341,29,0,0
BRDA:341,29,1,0
BRDA:341,29,2,0
BRDA:341,29,3,0
BRDA:352,30,0,0
BRDA:352,30,1,0
BRDA:357,31,0,0
BRDA:357,31,1,0
BRDA:361,32,0,0
BRDA:361,32,1,0
BRDA:361,33,0,0
BRDA:361,33,1,0
BRDA:365,34,0,0
BRDA:365,34,1,0
BRDA:365,35,0,0
BRDA:365,35,1,0
BRDA:368,36,0,0
BRDA:368,36,1,0
BRDA:368,37,0,0
BRDA:368,37,1,0
BRDA:368,37,2,0
BRDA:373,38,0,0
BRDA:373,38,1,0
BRDA:373,39,0,0
BRDA:373,39,1,0
BRDA:376,40,0,0
BRDA:376,40,1,0
BRDA:379,41,0,0
BRDA:379,41,1,0
BRDA:417,42,0,0
BRDA:417,42,1,0
BRDA:432,43,0,0
BRDA:432,43,1,0
BRDA:453,44,0,0
BRDA:453,44,1,0
BRDA:476,45,0,0
BRDA:476,45,1,0
BRF:95
BRH:0
end_of_record
TN:
SF:C:\Users\33781\Documents\Victor\botsdk\rocket.chat.js.sdk\src\lib\log.ts
FN:5,(anonymous_0)
FN:8,(anonymous_1)
FN:11,(anonymous_2)
FN:14,(anonymous_3)
FN:17,(anonymous_4)
FN:23,replaceLog
FN:27,silence
FN:29,(anonymous_7)
FN:30,(anonymous_8)
FN:31,(anonymous_9)
FN:32,(anonymous_10)
FN:33,(anonymous_11)
FNF:12
FNH:0
FNDA:0,(anonymous_0)
FNDA:0,(anonymous_1)
FNDA:0,(anonymous_2)
FNDA:0,(anonymous_3)
FNDA:0,(anonymous_4)
FNDA:0,replaceLog
FNDA:0,silence
FNDA:0,(anonymous_7)
FNDA:0,(anonymous_8)
FNDA:0,(anonymous_9)
FNDA:0,(anonymous_10)
FNDA:0,(anonymous_11)
DA:2,0
DA:6,0
DA:9,0
DA:12,0
DA:15,0
DA:18,0
DA:21,0
DA:22,0
DA:24,0
DA:26,0
DA:28,0
DA:29,0
DA:30,0
DA:31,0
DA:32,0
DA:33,0
DA:36,0
LF:17
LH:0
BRF:0
BRH:0
end_of_record
TN:
SF:C:\Users\33781\Documents\Victor\botsdk\rocket.chat.js.sdk\src\lib\message.ts
FN:10,(anonymous_0)
FN:17,(anonymous_1)
FNF:2
FNH:0
FNDA:0,(anonymous_0)
FNDA:0,(anonymous_1)
DA:2,0
DA:11,0
DA:12,0
DA:14,0
DA:15,0
DA:18,0
DA:19,0
DA:22,0
LF:8
LH:0
BRDA:11,0,0,0
BRDA:11,0,1,0
BRF:2
BRH:0
end_of_record
TN:
SF:C:\Users\33781\Documents\Victor\botsdk\rocket.chat.js.sdk\src\lib\methodCache.ts
FN:2,(anonymous_0)
FN:17,use
FN:27,create
FN:38,call
FN:62,has
FN:71,get
FN:81,reset
FN:93,resetAll
FN:94,(anonymous_8)
FNF:9
FNH:0
FNDA:0,(anonymous_0)
FNDA:0,use
FNDA:0,create
FNDA:0,call
FNDA:0,has
FNDA:0,get
FNDA:0,reset
FNDA:0,resetAll
FNDA:0,(anonymous_8)
DA:2,0
DA:3,0
DA:5,0
DA:6,0
DA:7,0
DA:8,0
DA:9,0
DA:18,0
DA:20,0
DA:28,0
DA:29,0
DA:30,0
DA:32,0
DA:39,0
DA:40,0
DA:41,0
DA:43,0
DA:44,0
DA:46,0
DA:50,0
DA:51,0
DA:52,0
DA:54,0
DA:56,0
DA:63,0
DA:65,0
DA:72,0
DA:73,0
DA:75,0
DA:82,0
DA:83,0
DA:84,0
DA:86,0
DA:89,0
DA:94,0
DA:96,0
LF:36
LH:0
BRDA:2,0,0,0
BRDA:2,0,1,0
BRDA:2,0,2,0
BRDA:3,1,0,0
BRDA:3,1,1,0
BRDA:3,2,0,0
BRDA:3,2,1,0
BRDA:27,3,0,0
BRDA:39,4,0,0
BRDA:39,4,1,0
BRDA:43,5,0,0
BRDA:43,5,1,0
BRDA:72,6,0,0
BRDA:72,6,1,0
BRDA:82,7,0,0
BRDA:82,7,1,0
BRDA:83,8,0,0
BRDA:83,8,1,0
BRF:18
BRH:0
end_of_record
TN:
SF:C:\Users\33781\Documents\Victor\botsdk\rocket.chat.js.sdk\src\lib\settings.ts
FN:15,(anonymous_0)
FNF:1
FNH:0
FNDA:0,(anonymous_0)
DA:2,0
DA:4,0
DA:5,0
DA:6,0
DA:8,0
DA:9,0
DA:12,0
DA:14,0
DA:15,0
DA:17,0
DA:18,0
DA:19,0
DA:20,0
DA:22,0
DA:24,0
DA:25,0
DA:26,0
DA:27,0
LF:18
LH:0
BRDA:4,0,0,0
BRDA:4,0,1,0
BRDA:5,1,0,0
BRDA:5,1,1,0
BRDA:8,2,0,0
BRDA:8,2,1,0
BRDA:9,3,0,0
BRDA:9,3,1,0
BRDA:10,4,0,0
BRDA:10,4,1,0
BRDA:11,5,0,0
BRDA:11,5,1,0
BRDA:14,6,0,0
BRDA:14,6,1,0
BRDA:15,7,0,0
BRDA:15,7,1,0
BRDA:17,8,0,0
BRDA:17,8,1,0
BRDA:18,9,0,0
BRDA:18,9,1,0
BRDA:19,10,0,0
BRDA:19,10,1,0
BRDA:20,11,0,0
BRDA:20,11,1,0
BRDA:22,12,0,0
BRDA:22,12,1,0
BRDA:24,13,0,0
BRDA:24,13,1,0
BRDA:25,14,0,0
BRDA:25,14,1,0
BRDA:26,15,0,0
BRDA:26,15,1,0
BRDA:27,16,0,0
BRDA:27,16,1,0
BRF:34
BRH:0
end_of_record
